<?xml version="1.0" encoding="utf-8"?>
<coverage line-rate="1" branch-rate="1" version="1.9" timestamp="1691434344" lines-covered="132" lines-valid="132" branches-covered="34" branches-valid="34">
  <sources>
    <source>D:\Visual Studio\Zbra\src\</source>
  </sources>
  <packages>
    <package name="Zbra.Application" line-rate="1" branch-rate="1" complexity="5">
      <classes>
        <class name="Zbra.Application.QueriesHandlers.GetValueAddressQueryHandler/&lt;Handle&gt;d__0" filename="Zbra.Application\QueriesHandlers\GetValueAddressQueryHandler.cs" line-rate="1" branch-rate="1" complexity="1">
          <methods>
            <method name="MoveNext" signature="()" line-rate="1" branch-rate="1" complexity="1">
              <lines>
                <line number="10" hits="1" branch="False" />
                <line number="11" hits="1" branch="False" />
                <line number="13" hits="1" branch="False" />
                <line number="14" hits="1" branch="False" />
              </lines>
            </method>
          </methods>
          <lines>
            <line number="10" hits="1" branch="False" />
            <line number="11" hits="1" branch="False" />
            <line number="13" hits="1" branch="False" />
            <line number="14" hits="1" branch="False" />
          </lines>
        </class>
        <class name="Zbra.Application.QueriesHandlers.v2.GetPasswordsValidQueryHandler/&lt;Handle&gt;d__0" filename="Zbra.Application\QueriesHandlers\v2\GetPasswordsValidQueryHandler.cs" line-rate="1" branch-rate="1" complexity="1">
          <methods>
            <method name="MoveNext" signature="()" line-rate="1" branch-rate="1" complexity="1">
              <lines>
                <line number="10" hits="1" branch="False" />
                <line number="11" hits="1" branch="False" />
                <line number="13" hits="1" branch="False" />
                <line number="14" hits="1" branch="False" />
              </lines>
            </method>
          </methods>
          <lines>
            <line number="10" hits="1" branch="False" />
            <line number="11" hits="1" branch="False" />
            <line number="13" hits="1" branch="False" />
            <line number="14" hits="1" branch="False" />
          </lines>
        </class>
        <class name="Zbra.Application.QueriesHandlers.v1.GetPasswordsValidQueryHandler/&lt;Handle&gt;d__0" filename="Zbra.Application\QueriesHandlers\v1\GetPasswordsValidQueryHandler.cs" line-rate="1" branch-rate="1" complexity="1">
          <methods>
            <method name="MoveNext" signature="()" line-rate="1" branch-rate="1" complexity="1">
              <lines>
                <line number="10" hits="1" branch="False" />
                <line number="11" hits="1" branch="False" />
                <line number="13" hits="1" branch="False" />
                <line number="14" hits="1" branch="False" />
              </lines>
            </method>
          </methods>
          <lines>
            <line number="10" hits="1" branch="False" />
            <line number="11" hits="1" branch="False" />
            <line number="13" hits="1" branch="False" />
            <line number="14" hits="1" branch="False" />
          </lines>
        </class>
        <class name="Zbra.Application.Dto.GetValueAddressDto" filename="Zbra.Application\Dto\GetValueAddressDto.cs" line-rate="1" branch-rate="1" complexity="1">
          <methods>
            <method name="get_Path" signature="()" line-rate="1" branch-rate="1" complexity="1">
              <lines>
                <line number="5" hits="4" branch="False" />
              </lines>
            </method>
          </methods>
          <lines>
            <line number="5" hits="4" branch="False" />
          </lines>
        </class>
        <class name="Zbra.Application.AutoMapper.DtoToModelMappingProfile" filename="Zbra.Application\AutoMapper\DtoToModelMappingProfile.cs" line-rate="1" branch-rate="1" complexity="1">
          <methods>
            <method name=".ctor" signature="()" line-rate="1" branch-rate="1" complexity="1">
              <lines>
                <line number="9" hits="2" branch="False" />
                <line number="10" hits="2" branch="False" />
                <line number="11" hits="2" branch="False" />
                <line number="12" hits="2" branch="False" />
              </lines>
            </method>
          </methods>
          <lines>
            <line number="9" hits="2" branch="False" />
            <line number="10" hits="2" branch="False" />
            <line number="11" hits="2" branch="False" />
            <line number="12" hits="2" branch="False" />
          </lines>
        </class>
      </classes>
    </package>
    <package name="Zbra.Domain" line-rate="1" branch-rate="1" complexity="41">
      <classes>
        <class name="Zbra.Domain.Models.Address" filename="Zbra.Domain\Models\Address.cs" line-rate="1" branch-rate="1" complexity="11">
          <methods>
            <method name="get_Path" signature="()" line-rate="1" branch-rate="1" complexity="1">
              <lines>
                <line number="5" hits="8" branch="False" />
              </lines>
            </method>
            <method name="GetValueAddress" signature="(System.String)" line-rate="1" branch-rate="1" complexity="2">
              <lines>
                <line number="13" hits="2" branch="False" />
                <line number="14" hits="2" branch="False" />
                <line number="16" hits="2" branch="False" />
                <line number="17" hits="2" branch="False" />
                <line number="20" hits="20" branch="True" condition-coverage="100% (2/2)">
                  <conditions>
                    <condition number="40" type="jump" coverage="100%" />
                  </conditions>
                </line>
                <line number="21" hits="18" branch="False" />
                <line number="22" hits="18" branch="False" />
                <line number="23" hits="18" branch="False" />
                <line number="24" hits="2" branch="False" />
                <line number="26" hits="2" branch="False" />
                <line number="27" hits="2" branch="False" />
              </lines>
            </method>
            <method name="ReadCommand" signature="(System.Collections.Generic.List`1&lt;System.String&gt;)" line-rate="1" branch-rate="1" complexity="6">
              <lines>
                <line number="30" hits="2" branch="False" />
                <line number="31" hits="2" branch="False" />
                <line number="32" hits="2" branch="False" />
                <line number="34" hits="12" branch="True" condition-coverage="100% (2/2)">
                  <conditions>
                    <condition number="151" type="jump" coverage="100%" />
                  </conditions>
                </line>
                <line number="35" hits="10" branch="False" />
                <line number="36" hits="10" branch="False" />
                <line number="38" hits="10" branch="True" condition-coverage="100% (2/2)">
                  <conditions>
                    <condition number="39" type="jump" coverage="100%" />
                  </conditions>
                </line>
                <line number="39" hits="4" branch="False" />
                <line number="40" hits="4" branch="False" />
                <line number="41" hits="4" branch="False" />
                <line number="42" hits="4" branch="False" />
                <line number="43" hits="4" branch="False" />
                <line number="44" hits="6" branch="True" condition-coverage="100% (2/2)">
                  <conditions>
                    <condition number="98" type="jump" coverage="100%" />
                  </conditions>
                </line>
                <line number="45" hits="4" branch="False" />
                <line number="46" hits="4" branch="False" />
                <line number="47" hits="4" branch="False" />
                <line number="48" hits="4" branch="False" />
                <line number="50" hits="2" branch="False" />
                <line number="51" hits="2" branch="False" />
                <line number="52" hits="2" branch="False" />
                <line number="53" hits="10" branch="False" />
                <line number="55" hits="2" branch="False" />
                <line number="56" hits="2" branch="False" />
              </lines>
            </method>
            <method name=".ctor" signature="(System.String)" line-rate="1" branch-rate="1" complexity="2">
              <lines>
                <line number="7" hits="5" branch="False" />
                <line number="8" hits="5" branch="False" />
                <line number="9" hits="5" branch="True" condition-coverage="100% (2/2)">
                  <conditions>
                    <condition number="15" type="jump" coverage="100%" />
                  </conditions>
                </line>
                <line number="10" hits="4" branch="False" />
              </lines>
            </method>
          </methods>
          <lines>
            <line number="5" hits="8" branch="False" />
            <line number="13" hits="2" branch="False" />
            <line number="14" hits="2" branch="False" />
            <line number="16" hits="2" branch="False" />
            <line number="17" hits="2" branch="False" />
            <line number="20" hits="20" branch="True" condition-coverage="100% (2/2)">
              <conditions>
                <condition number="40" type="jump" coverage="100%" />
              </conditions>
            </line>
            <line number="21" hits="18" branch="False" />
            <line number="22" hits="18" branch="False" />
            <line number="23" hits="18" branch="False" />
            <line number="24" hits="2" branch="False" />
            <line number="26" hits="2" branch="False" />
            <line number="27" hits="2" branch="False" />
            <line number="30" hits="2" branch="False" />
            <line number="31" hits="2" branch="False" />
            <line number="32" hits="2" branch="False" />
            <line number="34" hits="12" branch="True" condition-coverage="100% (2/2)">
              <conditions>
                <condition number="151" type="jump" coverage="100%" />
              </conditions>
            </line>
            <line number="35" hits="10" branch="False" />
            <line number="36" hits="10" branch="False" />
            <line number="38" hits="10" branch="True" condition-coverage="100% (2/2)">
              <conditions>
                <condition number="39" type="jump" coverage="100%" />
              </conditions>
            </line>
            <line number="39" hits="4" branch="False" />
            <line number="40" hits="4" branch="False" />
            <line number="41" hits="4" branch="False" />
            <line number="42" hits="4" branch="False" />
            <line number="43" hits="4" branch="False" />
            <line number="44" hits="6" branch="True" condition-coverage="100% (2/2)">
              <conditions>
                <condition number="98" type="jump" coverage="100%" />
              </conditions>
            </line>
            <line number="45" hits="4" branch="False" />
            <line number="46" hits="4" branch="False" />
            <line number="47" hits="4" branch="False" />
            <line number="48" hits="4" branch="False" />
            <line number="50" hits="2" branch="False" />
            <line number="51" hits="2" branch="False" />
            <line number="52" hits="2" branch="False" />
            <line number="53" hits="10" branch="False" />
            <line number="55" hits="2" branch="False" />
            <line number="56" hits="2" branch="False" />
            <line number="7" hits="5" branch="False" />
            <line number="8" hits="5" branch="False" />
            <line number="9" hits="5" branch="True" condition-coverage="100% (2/2)">
              <conditions>
                <condition number="15" type="jump" coverage="100%" />
              </conditions>
            </line>
            <line number="10" hits="4" branch="False" />
          </lines>
        </class>
        <class name="Zbra.Domain.Models.v2.Password" filename="Zbra.Domain\Models\v2\Password.cs" line-rate="1" branch-rate="1" complexity="15">
          <methods>
            <method name="GetPasswordsValid" signature="()" line-rate="1" branch-rate="1" complexity="4">
              <lines>
                <line number="10" hits="2" branch="False" />
                <line number="11" hits="2" branch="False" />
                <line number="13" hits="2688652" branch="True" condition-coverage="100% (2/2)">
                  <conditions>
                    <condition number="53" type="jump" coverage="100%" />
                  </conditions>
                </line>
                <line number="14" hits="1344324" branch="False" />
                <line number="15" hits="1344324" branch="True" condition-coverage="100% (2/2)">
                  <conditions>
                    <condition number="27" type="jump" coverage="100%" />
                  </conditions>
                </line>
                <line number="16" hits="2296" branch="False" />
                <line number="17" hits="2296" branch="False" />
                <line number="18" hits="2296" branch="False" />
                <line number="19" hits="1344324" branch="False" />
                <line number="21" hits="2" branch="False" />
                <line number="22" hits="2" branch="False" />
              </lines>
            </method>
            <method name="IsValid" signature="(System.String)" line-rate="1" branch-rate="1" complexity="10">
              <lines>
                <line number="25" hits="1344324" branch="False" />
                <line number="26" hits="1344324" branch="False" />
                <line number="27" hits="1344324" branch="False" />
                <line number="28" hits="1344324" branch="False" />
                <line number="30" hits="4715712" branch="True" condition-coverage="100% (2/2)">
                  <conditions>
                    <condition number="108" type="jump" coverage="100%" />
                  </conditions>
                </line>
                <line number="31" hits="2354426" branch="False" />
                <line number="32" hits="2354426" branch="True" condition-coverage="100% (2/2)">
                  <conditions>
                    <condition number="32" type="jump" coverage="100%" />
                  </conditions>
                </line>
                <line number="33" hits="1340894" branch="False" />
                <line number="34" hits="1340894" branch="False" />
                <line number="36" hits="1013532" branch="True" condition-coverage="100% (2/2)">
                  <conditions>
                    <condition number="54" type="jump" coverage="100%" />
                  </conditions>
                </line>
                <line number="37" hits="221962" branch="False" />
                <line number="38" hits="221962" branch="False" />
                <line number="39" hits="221962" branch="False" />
                <line number="41" hits="791570" branch="False" />
                <line number="42" hits="791570" branch="True" condition-coverage="100% (2/2)">
                  <conditions>
                    <condition number="73" type="jump" coverage="100%" />
                  </conditions>
                </line>
                <line number="43" hits="68424" branch="False" />
                <line number="44" hits="68424" branch="False" />
                <line number="45" hits="68424" branch="False" />
                <line number="46" hits="791570" branch="False" />
                <line number="47" hits="791570" branch="False" />
                <line number="49" hits="1013532" branch="False" />
                <line number="50" hits="1013532" branch="False" />
                <line number="52" hits="3430" branch="True" condition-coverage="100% (2/2)">
                  <conditions>
                    <condition number="111" type="jump" coverage="100%" />
                  </conditions>
                </line>
                <line number="53" hits="1344324" branch="False" />
              </lines>
            </method>
            <method name=".ctor" signature="()" line-rate="1" branch-rate="1" complexity="1">
              <lines>
                <line number="7" hits="9" branch="False" />
              </lines>
            </method>
          </methods>
          <lines>
            <line number="10" hits="2" branch="False" />
            <line number="11" hits="2" branch="False" />
            <line number="13" hits="2688652" branch="True" condition-coverage="100% (2/2)">
              <conditions>
                <condition number="53" type="jump" coverage="100%" />
              </conditions>
            </line>
            <line number="14" hits="1344324" branch="False" />
            <line number="15" hits="1344324" branch="True" condition-coverage="100% (2/2)">
              <conditions>
                <condition number="27" type="jump" coverage="100%" />
              </conditions>
            </line>
            <line number="16" hits="2296" branch="False" />
            <line number="17" hits="2296" branch="False" />
            <line number="18" hits="2296" branch="False" />
            <line number="19" hits="1344324" branch="False" />
            <line number="21" hits="2" branch="False" />
            <line number="22" hits="2" branch="False" />
            <line number="25" hits="1344324" branch="False" />
            <line number="26" hits="1344324" branch="False" />
            <line number="27" hits="1344324" branch="False" />
            <line number="28" hits="1344324" branch="False" />
            <line number="30" hits="4715712" branch="True" condition-coverage="100% (2/2)">
              <conditions>
                <condition number="108" type="jump" coverage="100%" />
              </conditions>
            </line>
            <line number="31" hits="2354426" branch="False" />
            <line number="32" hits="2354426" branch="True" condition-coverage="100% (2/2)">
              <conditions>
                <condition number="32" type="jump" coverage="100%" />
              </conditions>
            </line>
            <line number="33" hits="1340894" branch="False" />
            <line number="34" hits="1340894" branch="False" />
            <line number="36" hits="1013532" branch="True" condition-coverage="100% (2/2)">
              <conditions>
                <condition number="54" type="jump" coverage="100%" />
              </conditions>
            </line>
            <line number="37" hits="221962" branch="False" />
            <line number="38" hits="221962" branch="False" />
            <line number="39" hits="221962" branch="False" />
            <line number="41" hits="791570" branch="False" />
            <line number="42" hits="791570" branch="True" condition-coverage="100% (2/2)">
              <conditions>
                <condition number="73" type="jump" coverage="100%" />
              </conditions>
            </line>
            <line number="43" hits="68424" branch="False" />
            <line number="44" hits="68424" branch="False" />
            <line number="45" hits="68424" branch="False" />
            <line number="46" hits="791570" branch="False" />
            <line number="47" hits="791570" branch="False" />
            <line number="49" hits="1013532" branch="False" />
            <line number="50" hits="1013532" branch="False" />
            <line number="52" hits="3430" branch="True" condition-coverage="100% (2/2)">
              <conditions>
                <condition number="111" type="jump" coverage="100%" />
              </conditions>
            </line>
            <line number="53" hits="1344324" branch="False" />
            <line number="7" hits="9" branch="False" />
          </lines>
        </class>
        <class name="Zbra.Domain.Models.v1.Password" filename="Zbra.Domain\Models\v1\Password.cs" line-rate="1" branch-rate="1" complexity="11">
          <methods>
            <method name="GetPasswordsValid" signature="()" line-rate="1" branch-rate="1" complexity="4">
              <lines>
                <line number="10" hits="2" branch="False" />
                <line number="11" hits="2" branch="False" />
                <line number="13" hits="2688652" branch="True" condition-coverage="100% (2/2)">
                  <conditions>
                    <condition number="53" type="jump" coverage="100%" />
                  </conditions>
                </line>
                <line number="14" hits="1344324" branch="False" />
                <line number="15" hits="1344324" branch="True" condition-coverage="100% (2/2)">
                  <conditions>
                    <condition number="27" type="jump" coverage="100%" />
                  </conditions>
                </line>
                <line number="16" hits="3374" branch="False" />
                <line number="17" hits="3374" branch="False" />
                <line number="18" hits="3374" branch="False" />
                <line number="19" hits="1344324" branch="False" />
                <line number="21" hits="2" branch="False" />
                <line number="22" hits="2" branch="False" />
              </lines>
            </method>
            <method name="IsValid" signature="(System.String)" line-rate="1" branch-rate="1" complexity="6">
              <lines>
                <line number="25" hits="1344324" branch="False" />
                <line number="26" hits="1344324" branch="False" />
                <line number="27" hits="1344324" branch="False" />
                <line number="29" hits="4715712" branch="True" condition-coverage="100% (2/2)">
                  <conditions>
                    <condition number="82" type="jump" coverage="100%" />
                  </conditions>
                </line>
                <line number="30" hits="2354426" branch="False" />
                <line number="31" hits="2354426" branch="True" condition-coverage="100% (2/2)">
                  <conditions>
                    <condition number="28" type="jump" coverage="100%" />
                  </conditions>
                </line>
                <line number="32" hits="1340894" branch="False" />
                <line number="33" hits="1340894" branch="False" />
                <line number="35" hits="1013532" branch="True" condition-coverage="100% (2/2)">
                  <conditions>
                    <condition number="50" type="jump" coverage="100%" />
                  </conditions>
                </line>
                <line number="36" hits="221962" branch="False" />
                <line number="37" hits="221962" branch="False" />
                <line number="38" hits="221962" branch="False" />
                <line number="40" hits="1013532" branch="False" />
                <line number="41" hits="1013532" branch="False" />
                <line number="43" hits="3430" branch="False" />
                <line number="44" hits="1344324" branch="False" />
              </lines>
            </method>
            <method name=".ctor" signature="()" line-rate="1" branch-rate="1" complexity="1">
              <lines>
                <line number="7" hits="9" branch="False" />
              </lines>
            </method>
          </methods>
          <lines>
            <line number="10" hits="2" branch="False" />
            <line number="11" hits="2" branch="False" />
            <line number="13" hits="2688652" branch="True" condition-coverage="100% (2/2)">
              <conditions>
                <condition number="53" type="jump" coverage="100%" />
              </conditions>
            </line>
            <line number="14" hits="1344324" branch="False" />
            <line number="15" hits="1344324" branch="True" condition-coverage="100% (2/2)">
              <conditions>
                <condition number="27" type="jump" coverage="100%" />
              </conditions>
            </line>
            <line number="16" hits="3374" branch="False" />
            <line number="17" hits="3374" branch="False" />
            <line number="18" hits="3374" branch="False" />
            <line number="19" hits="1344324" branch="False" />
            <line number="21" hits="2" branch="False" />
            <line number="22" hits="2" branch="False" />
            <line number="25" hits="1344324" branch="False" />
            <line number="26" hits="1344324" branch="False" />
            <line number="27" hits="1344324" branch="False" />
            <line number="29" hits="4715712" branch="True" condition-coverage="100% (2/2)">
              <conditions>
                <condition number="82" type="jump" coverage="100%" />
              </conditions>
            </line>
            <line number="30" hits="2354426" branch="False" />
            <line number="31" hits="2354426" branch="True" condition-coverage="100% (2/2)">
              <conditions>
                <condition number="28" type="jump" coverage="100%" />
              </conditions>
            </line>
            <line number="32" hits="1340894" branch="False" />
            <line number="33" hits="1340894" branch="False" />
            <line number="35" hits="1013532" branch="True" condition-coverage="100% (2/2)">
              <conditions>
                <condition number="50" type="jump" coverage="100%" />
              </conditions>
            </line>
            <line number="36" hits="221962" branch="False" />
            <line number="37" hits="221962" branch="False" />
            <line number="38" hits="221962" branch="False" />
            <line number="40" hits="1013532" branch="False" />
            <line number="41" hits="1013532" branch="False" />
            <line number="43" hits="3430" branch="False" />
            <line number="44" hits="1344324" branch="False" />
            <line number="7" hits="9" branch="False" />
          </lines>
        </class>
        <class name="Zbra.Domain.Contracts.Queries.GetValueAddressQuery" filename="Zbra.Domain\Contracts\Queries\GetValueAddressQuery.cs" line-rate="1" branch-rate="1" complexity="2">
          <methods>
            <method name="get_Path" signature="()" line-rate="1" branch-rate="1" complexity="1">
              <lines>
                <line number="7" hits="6" branch="False" />
              </lines>
            </method>
            <method name=".ctor" signature="(System.String)" line-rate="1" branch-rate="1" complexity="1">
              <lines>
                <line number="9" hits="3" branch="False" />
                <line number="10" hits="3" branch="False" />
                <line number="11" hits="3" branch="False" />
                <line number="12" hits="3" branch="False" />
              </lines>
            </method>
          </methods>
          <lines>
            <line number="7" hits="6" branch="False" />
            <line number="9" hits="3" branch="False" />
            <line number="10" hits="3" branch="False" />
            <line number="11" hits="3" branch="False" />
            <line number="12" hits="3" branch="False" />
          </lines>
        </class>
        <class name="Zbra.Domain.Contracts.Queries.v2.GetPasswordsValidQuery" filename="Zbra.Domain\Contracts\Queries\v2\GetPasswordsValidQuery.cs" line-rate="1" branch-rate="1" complexity="1">
          <methods>
            <method name=".ctor" signature="()" line-rate="1" branch-rate="1" complexity="1">
              <lines>
                <line number="7" hits="6" branch="False" />
              </lines>
            </method>
          </methods>
          <lines>
            <line number="7" hits="6" branch="False" />
          </lines>
        </class>
        <class name="Zbra.Domain.Contracts.Queries.v1.GetPasswordsValidQuery" filename="Zbra.Domain\Contracts\Queries\v1\GetPasswordsValidQuery.cs" line-rate="1" branch-rate="1" complexity="1">
          <methods>
            <method name=".ctor" signature="()" line-rate="1" branch-rate="1" complexity="1">
              <lines>
                <line number="7" hits="6" branch="False" />
              </lines>
            </method>
          </methods>
          <lines>
            <line number="7" hits="6" branch="False" />
          </lines>
        </class>
      </classes>
    </package>
    <package name="Zbra.Infrastructure.IoC" line-rate="1" branch-rate="1" complexity="1">
      <classes>
        <class name="Zbra.Infrastructure.IoC.InjectorDependency" filename="Zbra.Infrastructure.IoC\InjectorDependency.cs" line-rate="1" branch-rate="1" complexity="1">
          <methods>
            <method name="Register" signature="(Microsoft.Extensions.DependencyInjection.IServiceCollection)" line-rate="1" branch-rate="1" complexity="1">
              <lines>
                <line number="15" hits="1" branch="False" />
                <line number="16" hits="1" branch="False" />
                <line number="17" hits="1" branch="False" />
                <line number="18" hits="1" branch="False" />
                <line number="19" hits="1" branch="False" />
              </lines>
            </method>
          </methods>
          <lines>
            <line number="15" hits="1" branch="False" />
            <line number="16" hits="1" branch="False" />
            <line number="17" hits="1" branch="False" />
            <line number="18" hits="1" branch="False" />
            <line number="19" hits="1" branch="False" />
          </lines>
        </class>
      </classes>
    </package>
  </packages>
</coverage>